info it worked if it ends with ok
verbose cli [ 'node', '/usr/local/bin/npm', 'install', 'node_tidy' ]
info using npm@1.1.21
info using node@v0.6.17
verbose config file /home/ivo/.npmrc
verbose config file /usr/local/etc/npmrc
verbose config file /usr/local/lib/node_modules/npm/npmrc
verbose caching /var/pagetty/package.json
verbose loadDefaults pagetty@1.0.0
verbose caching /var/pagetty/node_modules/mustache/package.json
verbose caching /var/pagetty/node_modules/mongodb/package.json
verbose caching /var/pagetty/node_modules/async/package.json
verbose caching /var/pagetty/node_modules/futures/package.json
verbose caching /var/pagetty/node_modules/jake/package.json
verbose caching /var/pagetty/node_modules/qwery/package.json
verbose caching /var/pagetty/node_modules/uri-js/package.json
verbose caching /var/pagetty/node_modules/underscore/package.json
verbose caching /var/pagetty/node_modules/nodemailer/package.json
verbose caching /var/pagetty/node_modules/jquery/package.json
verbose caching /var/pagetty/node_modules/cheerio-soupselect/package.json
verbose caching /var/pagetty/node_modules/dateformat/package.json
verbose caching /var/pagetty/node_modules/imagemagick/package.json
verbose caching /var/pagetty/node_modules/express/package.json
verbose caching /var/pagetty/node_modules/winston/package.json
verbose caching /var/pagetty/node_modules/each/package.json
verbose caching /var/pagetty/node_modules/ender-js/package.json
verbose caching /var/pagetty/node_modules/hogan.js/package.json
verbose caching /var/pagetty/node_modules/requirejs/package.json
verbose caching /var/pagetty/node_modules/gzippo/package.json
verbose caching /var/pagetty/node_modules/hulk-hogan/package.json
verbose caching /var/pagetty/node_modules/forever/package.json
verbose caching /var/pagetty/node_modules/validator/package.json
verbose caching /var/pagetty/node_modules/feedparser/package.json
verbose caching /var/pagetty/node_modules/connect-mongo/package.json
verbose caching /var/pagetty/node_modules/request/package.json
verbose caching /var/pagetty/node_modules/config/package.json
verbose from cache /var/pagetty/package.json
verbose readDependencies: using package.json deps
verbose cache add [ 'node_tidy', null ]
silly cache add: name, spec, args [ undefined, 'node_tidy', [ 'node_tidy', null ] ]
verbose parsed url { pathname: 'node_tidy', path: 'node_tidy', href: 'node_tidy' }
verbose addNamed [ 'node_tidy', '' ]
verbose addNamed [ null, '' ]
silly name, range, hasData [ 'node_tidy', '', false ]
verbose raw, before any munging node_tidy
verbose url resolving [ 'https://registry.npmjs.org/', './node_tidy' ]
verbose url resolved https://registry.npmjs.org/node_tidy
http GET https://registry.npmjs.org/node_tidy
http 404 https://registry.npmjs.org/node_tidy
silly get cb [ 404,
silly get cb   { server: 'CouchDB/1.2.0 (Erlang OTP/R15B)',
silly get cb     date: 'Sat, 26 May 2012 20:57:47 GMT',
silly get cb     'content-type': 'application/json',
silly get cb     'content-length': '52',
silly get cb     'cache-control': 'must-revalidate' } ]
ERR! 404 'node_tidy' is not in the npm registry.
ERR! 404 You should bug the author to publish it
ERR! 404 Note that you can also install from a
ERR! 404 tarball, folder, or http url, or git url.
ERR! 
ERR! System Linux 2.6.32-028stab093.2
ERR! command "node" "/usr/local/bin/npm" "install" "node_tidy"
ERR! cwd /var/pagetty
ERR! node -v v0.6.17
ERR! npm -v 1.1.21
ERR! code E404
ERR! message 404 Not Found: node_tidy
ERR! errno {}
verbose exit [ 1, true ]
